2024-12-11 17:47:03,473 - INFO - 按下按鈕，開始匯出出貨清單...
2024-12-11 17:47:04,064 - INFO - 成功連線到資料庫: jpdejitdev01/ITQAS2
2024-12-11 17:47:04,065 - INFO - 開始匯出出貨清單...
2024-12-11 17:47:08,925 - INFO - 表格 dbo.SoftBankSummaryView 匯出成功至 \\jpdejstcfs01\\STC_share\\JP IT\\STC SBK 仕分けリスト\\IT system\\Report\SoftBankSummaryTable_2024-12-11_17-47.xlsx
2024-12-11 17:47:12,723 - INFO - 按下按鈕，開始計算庫存...
2024-12-11 17:47:12,724 - INFO - 開始執行庫存計算腳本...
2024-12-11 17:47:30,790 - INFO - 按下按鈕，開始資料庫更新過程...
2024-12-11 17:47:30,791 - INFO - 開始執行資料庫更新腳本...
2024-12-11 17:47:35,645 - ERROR - 寫入資料庫失敗: None
2024-12-11 17:47:35,646 - ERROR - 資料庫更新失敗！
2024-12-11 18:03:14,241 - INFO - 按下按鈕，開始資料庫更新過程...
2024-12-11 18:03:14,243 - INFO - 開始執行資料庫更新腳本...
2024-12-11 18:03:29,726 - ERROR - 寫入資料庫失敗: None
2024-12-11 18:03:29,727 - ERROR - 資料庫更新失敗！
2024-12-11 18:03:32,684 - INFO - 按下按鈕，開始計算庫存...
2024-12-11 18:03:32,684 - INFO - 開始執行庫存計算腳本...
2024-12-11 18:04:03,778 - INFO - 按下按鈕，開始匯出出貨清單...
2024-12-11 18:04:03,969 - INFO - 成功連線到資料庫: jpdejitdev01/ITQAS2
2024-12-11 18:04:03,970 - INFO - 開始匯出出貨清單...
2024-12-11 18:04:07,804 - INFO - 表格 dbo.SoftBankSummaryView 匯出成功至 \\jpdejstcfs01\\STC_share\\JP IT\\STC SBK 仕分けリスト\\IT system\\Report\SoftBankSummaryTable_2024-12-11_18-04.xlsx
